
(selenium_training) C:\Users\Mikhail\Documents\Development\sandbox_python\mera\selenium_training>py.test.exe -v -s test_pytest_example_parametrized_function.py
============================= test session starts =============================
platform win32 -- Python 2.7.8 -- py-1.4.30 -- pytest-2.7.2 -- c:\users\mikhail\documents\development\virtual_environments\selenium_training\scripts\python.exe
rootdir: C:\Users\Mikhail\Documents\Development\sandbox_python\mera\selenium_training, inifile:
collected 4 items

test_pytest_example_parametrized_function.py::test_CheckTitle[https://www.yandex.com/-Yandex] Py.test set-up module method
Py.test set-up method
PASSEDPy.test tear-down method

test_pytest_example_parametrized_function.py::test_CheckTitle[https://www.yandex.com/-Google] Py.test set-up method
Start new browser instance
FAILEDPy.test tear-down method

test_pytest_example_parametrized_function.py::test_CheckTitle[http://www.google.com-Google] Py.test set-up method
Start new browser instance
PASSEDPy.test tear-down method

test_pytest_example_parametrized_function.py::test_CheckTitle[http://www.google.com-Yandex] Py.test set-up method
Start new browser instance
xfailPy.test tear-down method
Py.test tear-down module method


================================== FAILURES ===================================
_______________ test_CheckTitle[https://www.yandex.com/-Google] _______________

test_url = 'https://www.yandex.com/', test_title = 'Google'

    @pytest.mark.parametrize("test_url,test_title",
                             [(yandex_url, yandex_title),
                              (yandex_url, google_title),
                              (google_url, google_title),
                              pytest.mark.xfail((google_url, yandex_title))])
    @pytest.mark.usefixtures("setup_module", "setup_function")
    def test_CheckTitle(test_url,test_title):
        global page
        actual_title = page.open_web_page(test_url)
>       assert test_title == actual_title, "Title is incorrect. Expected '{}', Actual '{}'".format(test_title, actual_title)
E       AssertionError: Title is incorrect. Expected 'Google', Actual 'Yandex'
E       assert 'Google' == 'Yandex'
E         - Google
E         + Yandex

test_pytest_example_parametrized_function.py:54: AssertionError
=============== 1 failed, 2 passed, 1 xfailed in 185.54 seconds ===============

(selenium_training) C:\Users\Mikhail\Documents\Development\sandbox_python\mera\selenium_training>