
(selenium_training) C:\Users\Mikhail\Documents\Development\sandbox_python\mera\selenium_training>py.test.exe -v -s test_pytest_example_functions.py
============================= test session starts =============================
platform win32 -- Python 2.7.8 -- py-1.4.30 -- pytest-2.7.2 -- c:\users\mikhail\documents\development\virtual_environments\selenium_training\scripts\python.exe
rootdir: C:\Users\Mikhail\Documents\Development\sandbox_python\mera\selenium_training, inifile:
collected 4 items

test_pytest_example_functions.py::test_CorrectCheckTitleYandex Py.test set-up method for Yandex
Start new browser instance
PASSEDPy.test tear-down method

test_pytest_example_functions.py::test_IncorrectCheckTitleYandex Py.test set-up method for Yandex
Start new browser instance
FAILEDPy.test tear-down method

test_pytest_example_functions.py::test_CorrectCheckTitleGoogle Py.test set-up method for Google
Start new browser instance
PASSEDPy.test tear-down method

test_pytest_example_functions.py::test_IncorrectCheckTitleGoogle Py.test set-up method for Google
Start new browser instance
FAILEDPy.test tear-down method


================================== FAILURES ===================================
_______________________ test_IncorrectCheckTitleYandex ________________________

setup_yandex = None

    def test_IncorrectCheckTitleYandex(setup_yandex):
        global url, page
        expected_title = google_title
        actual_title = page.open_web_page(url)
>       assert expected_title == actual_title, "Title is incorrect. Expected '{}', Actual '{}'".format(expected_title, actual_title)
E       AssertionError: Title is incorrect. Expected 'Google', Actual 'Yandex'
E       assert 'Google' == 'Yandex'
E         - Google
E         + Yandex

test_pytest_example_functions.py:73: AssertionError
_______________________ test_IncorrectCheckTitleGoogle ________________________

setup_google = None

    def test_IncorrectCheckTitleGoogle(setup_google):
        global url, page
        expected_title = yandex_title
        actual_title = page.open_web_page(url)
>       assert expected_title == actual_title
E       assert 'Yandex' == 'Google'
E         - Yandex
E         + Google

test_pytest_example_functions.py:85: AssertionError
===================== 2 failed, 2 passed in 90.71 seconds =====================

(selenium_training) C:\Users\Mikhail\Documents\Development\sandbox_python\mera\selenium_training>